<?xml version="1.0" encoding="UTF-8"?>
<!-- Generated by org.testng.reporters.JUnitReportReporter -->
<testsuite hostname="RAVI" failures="0" tests="1" name="testCases.TC_004_LoginTest" time="3.717" errors="0" timestamp="2023-03-29T20:51:23 IST" skipped="0">
  <testcase classname="testCases.TC_004_LoginTest" name="test_Login" time="3.717"/>
  <system-out/>
</testsuite> <!-- testCases.TC_004_LoginTest -->
