<?xml version="1.0" encoding="UTF-8"?>
<!-- Generated by org.testng.reporters.JUnitReportReporter -->
<testsuite hostname="RAVI" failures="0" tests="1" name="testCases.TC_001_Text_Box" time="1.889" errors="0" timestamp="2023-03-29T20:51:23 IST" skipped="0">
  <testcase classname="testCases.TC_001_Text_Box" name="Text_Box" time="1.889"/>
  <system-out/>
</testsuite> <!-- testCases.TC_001_Text_Box -->
